************* Module pwrspec_combinations
W:335: TODO: consider merging this with WiggleZxGBT
C:  1: Missing docstring
F:  5: Unable to import 'utils'
F:  7: Unable to import 'quadratic_products'
F:  8: Unable to import 'foreground_clean'
F:  9: Unable to import 'utils'
C: 66: Invalid name "gbtdataautopower_init" (should match (([A-Z_][A-Z0-9_]*)|(__.*__))$)
C: 82: Invalid name "gbtdataautopower_prefix" (should match (([A-Z_][A-Z0-9_]*)|(__.*__))$)
W: 88:GbtDataAutopower.__init__: Unused argument 'feedback'
C: 99:GbtDataAutopower.execute: Missing docstring
W: 99:GbtDataAutopower.execute: Unused argument 'processes'
R: 85:GbtDataAutopower: Too few public methods (1/2)
C:134: Invalid name "gbtdatanoisepower_init" (should match (([A-Z_][A-Z0-9_]*)|(__.*__))$)
C:150: Invalid name "gbtdatanoisepower_prefix" (should match (([A-Z_][A-Z0-9_]*)|(__.*__))$)
W:156:GbtDataNoisePower.__init__: Unused argument 'feedback'
C:167:GbtDataNoisePower.execute: Missing docstring
W:167:GbtDataNoisePower.execute: Unused argument 'processes'
R:153:GbtDataNoisePower: Too few public methods (1/2)
C:207: Invalid name "crosspower_init" (should match (([A-Z_][A-Z0-9_]*)|(__.*__))$)
C:227: Invalid name "crosspower_prefix" (should match (([A-Z_][A-Z0-9_]*)|(__.*__))$)
W:233:WiggleZxGBT.__init__: Unused argument 'feedback'
R:245:WiggleZxGBT.execute: Too many local variables (16/15)
C:245:WiggleZxGBT.execute: Missing docstring
W:245:WiggleZxGBT.execute: Unused argument 'processes'
R:230:WiggleZxGBT: Too few public methods (1/2)
C:311: Invalid name "crosspowersim_init" (should match (([A-Z_][A-Z0-9_]*)|(__.*__))$)
C:330: Invalid name "crosspowersim_prefix" (should match (([A-Z_][A-Z0-9_]*)|(__.*__))$)
C:333:WiggleZxGBT_modesim: Invalid name "WiggleZxGBT_modesim" (should match [A-Z_][a-zA-Z0-9]+$)
W:340:WiggleZxGBT_modesim.__init__: Unused argument 'feedback'
R:352:WiggleZxGBT_modesim.execute: Too many local variables (16/15)
C:352:WiggleZxGBT_modesim.execute: Missing docstring
W:352:WiggleZxGBT_modesim.execute: Unused argument 'processes'
R:333:WiggleZxGBT_modesim: Too few public methods (1/2)
C:390: Invalid name "batchsimcrosspower_init" (should match (([A-Z_][A-Z0-9_]*)|(__.*__))$)
C:409: Invalid name "batchsimcrosspower_prefix" (should match (([A-Z_][A-Z0-9_]*)|(__.*__))$)
W:415:BatchSimCrosspower.__init__: Unused argument 'feedback'
C:426:BatchSimCrosspower.execute: Missing docstring
W:426:BatchSimCrosspower.execute: Unused argument 'processes'
R:412:BatchSimCrosspower: Too few public methods (1/2)
C:449: Invalid name "batchsimautopower_init" (should match (([A-Z_][A-Z0-9_]*)|(__.*__))$)
C:466: Invalid name "batchsimautopower_prefix" (should match (([A-Z_][A-Z0-9_]*)|(__.*__))$)
W:473:BatchSimAutopower.__init__: Unused argument 'feedback'
C:484:BatchSimAutopower.execute: Missing docstring
W:484:BatchSimAutopower.execute: Unused argument 'processes'
R:469:BatchSimAutopower: Too few public methods (1/2)
C:520: Invalid name "batchphysicalsim_init" (should match (([A-Z_][A-Z0-9_]*)|(__.*__))$)
C:529: Invalid name "batchphysicalsim_prefix" (should match (([A-Z_][A-Z0-9_]*)|(__.*__))$)
C:532:BatchPhysicalSim: Missing docstring
W:533:BatchPhysicalSim.__init__: Unused argument 'feedback'
C:542:BatchPhysicalSim.execute: Missing docstring
W:542:BatchPhysicalSim.execute: Unused argument 'processes'
R:532:BatchPhysicalSim: Too few public methods (1/2)
C:560: Invalid name "singlephysicalsim_init" (should match (([A-Z_][A-Z0-9_]*)|(__.*__))$)
C:570: Invalid name "singlephysicalsim_prefix" (should match (([A-Z_][A-Z0-9_]*)|(__.*__))$)
C:573:SinglePhysicalSim: Missing docstring
W:574:SinglePhysicalSim.__init__: Unused argument 'feedback'
C:583:SinglePhysicalSim.execute: Missing docstring
W:583:SinglePhysicalSim.execute: Unused argument 'processes'
R:573:SinglePhysicalSim: Too few public methods (1/2)
C:596: Invalid name "cleanup_init" (should match (([A-Z_][A-Z0-9_]*)|(__.*__))$)
C:601: Invalid name "cleanup_prefix" (should match (([A-Z_][A-Z0-9_]*)|(__.*__))$)
W:606:CleanupCleanedMaps.__init__: Unused argument 'feedback'
C:615:CleanupCleanedMaps.execute: Missing docstring
W:622:CleanupCleanedMaps.execute: No exception type(s) specified
W:615:CleanupCleanedMaps.execute: Unused argument 'processes'
R:604:CleanupCleanedMaps: Too few public methods (1/2)
W:  1: Unused import os


Report
======
246 statements analysed.

Messages by category
--------------------

+-----------+-------+---------+-----------+
|type       |number |previous |difference |
+===========+=======+=========+===========+
|convention |31     |NC       |NC         |
+-----------+-------+---------+-----------+
|refactor   |11     |NC       |NC         |
+-----------+-------+---------+-----------+
|warning    |21     |NC       |NC         |
+-----------+-------+---------+-----------+
|error      |0      |NC       |NC         |
+-----------+-------+---------+-----------+



Messages
--------

+-----------+------------+
|message id |occurrences |
+===========+============+
|C0103      |19          |
+-----------+------------+
|W0613      |18          |
+-----------+------------+
|C0111      |12          |
+-----------+------------+
|R0903      |9           |
+-----------+------------+
|F0401      |4           |
+-----------+------------+
|R0914      |2           |
+-----------+------------+
|W0702      |1           |
+-----------+------------+
|W0611      |1           |
+-----------+------------+
|W0511      |1           |
+-----------+------------+



Global evaluation
-----------------
Your code has been rated at 7.44/10

Raw metrics
-----------

+----------+-------+------+---------+-----------+
|type      |number |%     |previous |difference |
+==========+=======+======+=========+===========+
|code      |353    |66.48 |NC       |NC         |
+----------+-------+------+---------+-----------+
|docstring |142    |26.74 |NC       |NC         |
+----------+-------+------+---------+-----------+
|comment   |7      |1.32  |NC       |NC         |
+----------+-------+------+---------+-----------+
|empty     |29     |5.46  |NC       |NC         |
+----------+-------+------+---------+-----------+



Statistics by type
------------------

+---------+-------+-----------+-----------+------------+---------+
|type     |number |old number |difference |%documented |%badname |
+=========+=======+===========+===========+============+=========+
|module   |1      |NC         |NC         |0.00        |0.00     |
+---------+-------+-----------+-----------+------------+---------+
|class    |9      |NC         |NC         |77.78       |11.11    |
+---------+-------+-----------+-----------+------------+---------+
|method   |18     |NC         |NC         |50.00       |0.00     |
+---------+-------+-----------+-----------+------------+---------+
|function |2      |NC         |NC         |100.00      |0.00     |
+---------+-------+-----------+-----------+------------+---------+



Duplication
-----------

+-------------------------+------+---------+-----------+
|                         |now   |previous |difference |
+=========================+======+=========+===========+
|nb duplicated lines      |0     |NC       |NC         |
+-------------------------+------+---------+-----------+
|percent duplicated lines |0.000 |NC       |NC         |
+-------------------------+------+---------+-----------+



External dependencies
---------------------
::

    kiyopy 
      \-parse_ini (pwrspec_combinations)
    numpy (pwrspec_combinations)



